<?xml version="1.0" encoding="UTF-8"?>
<robot generator="Robot 6.0.2 (Python 3.11.2 on win32)" generated="20230220 11:46:16.010" rpa="false" schemaversion="3">
<suite id="s1" name="testDemo6" source="C:\Users\laura.cabezas\Documents\TAE Training\Robot_Framework\RobotFramework_practise\tests\testDemo6.robot">
<test id="s1-t1" name="End to end ecommerce Product validation" line="31">
<kw name="open the browser with the url" library="Generic" type="SETUP">
<kw name="Create Webdriver" library="SeleniumLibrary">
<arg>${browser_name}</arg>
<arg>executable_path=resources/${browser_name}</arg>
<doc>Creates an instance of Selenium WebDriver.</doc>
<msg timestamp="20230220 11:46:16.322" level="INFO">Creating an instance of the Chrome WebDriver.</msg>
<status status="PASS" starttime="20230220 11:46:16.321" endtime="20230220 11:46:20.081"/>
</kw>
<kw name="Go To" library="SeleniumLibrary">
<arg>${url}</arg>
<doc>Navigates the current browser window to the provided ``url``.</doc>
<msg timestamp="20230220 11:46:20.082" level="INFO">Opening url 'https://rahulshettyacademy.com/loginpagePractise/'</msg>
<status status="PASS" starttime="20230220 11:46:20.082" endtime="20230220 11:46:21.695"/>
</kw>
<status status="PASS" starttime="20230220 11:46:16.321" endtime="20230220 11:46:21.696"/>
</kw>
<kw name="Fill the login Form" library="LandingPage">
<arg>${user_name}</arg>
<arg>${valid_password}</arg>
<kw name="Input Text" library="SeleniumLibrary">
<arg>id:username</arg>
<arg>${username}</arg>
<doc>Types the given ``text`` into the text field identified by ``locator``.</doc>
<msg timestamp="20230220 11:46:21.698" level="INFO">Typing text 'rahulshettyacademy' into text field 'id:username'.</msg>
<status status="PASS" starttime="20230220 11:46:21.697" endtime="20230220 11:46:21.853"/>
</kw>
<kw name="Input Password" library="SeleniumLibrary">
<arg>id:password</arg>
<arg>${password}</arg>
<doc>Types the given password into the text field identified by ``locator``.</doc>
<msg timestamp="20230220 11:46:21.856" level="INFO">Typing password into text field 'id:password'.</msg>
<msg timestamp="20230220 11:46:21.897" level="INFO">Temporally setting log level to: NONE</msg>
<msg timestamp="20230220 11:46:21.958" level="INFO">Log level changed from NONE to INFO.</msg>
<status status="PASS" starttime="20230220 11:46:21.854" endtime="20230220 11:46:21.959"/>
</kw>
<kw name="Click Button" library="SeleniumLibrary">
<arg>signInBtn</arg>
<doc>Clicks the button identified by ``locator``.</doc>
<msg timestamp="20230220 11:46:21.960" level="INFO">Clicking button 'signInBtn'.</msg>
<status status="PASS" starttime="20230220 11:46:21.959" endtime="20230220 11:46:22.007"/>
</kw>
<status status="PASS" starttime="20230220 11:46:21.696" endtime="20230220 11:46:22.007"/>
</kw>
<kw name="wait until Element is located in the page" library="ShopPage">
<kw name="Wait Until element passed is located on Page" library="Generic">
<arg>${Shop_page_load}</arg>
<kw name="Wait Until Element Is Visible" library="SeleniumLibrary">
<arg>${page_locator}</arg>
<arg>timeout=10</arg>
<doc>Waits until the element ``locator`` is visible.</doc>
<status status="PASS" starttime="20230220 11:46:22.008" endtime="20230220 11:46:26.928"/>
</kw>
<status status="PASS" starttime="20230220 11:46:22.008" endtime="20230220 11:46:26.928"/>
</kw>
<status status="PASS" starttime="20230220 11:46:22.007" endtime="20230220 11:46:26.928"/>
</kw>
<kw name="Verify Card titles in the Shop page" library="ShopPage">
<kw name="Create List" library="BuiltIn">
<var>@{expectedList}</var>
<arg>iphone X</arg>
<arg>Samsung Note 8</arg>
<arg>Nokia Edge</arg>
<arg>Blackberry</arg>
<doc>Returns a list containing given items.</doc>
<msg timestamp="20230220 11:46:26.929" level="INFO">@{expectedList} = [ iphone X | Samsung Note 8 | Nokia Edge | Blackberry ]</msg>
<status status="PASS" starttime="20230220 11:46:26.929" endtime="20230220 11:46:26.929"/>
</kw>
<kw name="Get WebElements" library="SeleniumLibrary">
<var>${elements}</var>
<arg>css:.card-title</arg>
<doc>Returns a list of WebElement objects matching the ``locator``.</doc>
<msg timestamp="20230220 11:46:26.939" level="INFO">${elements} = [&lt;selenium.webdriver.remote.webelement.WebElement (session="b1b9c2a82d4407ee10a6d81050c136b8", element="c82f297d-a019-4475-8644-ffaa19d6f95a")&gt;, &lt;selenium.webdriver.remote.webelement.WebElement (sessi...</msg>
<status status="PASS" starttime="20230220 11:46:26.929" endtime="20230220 11:46:26.939"/>
</kw>
<kw name="Create List" library="BuiltIn">
<var>@{actualList}</var>
<doc>Returns a list containing given items.</doc>
<msg timestamp="20230220 11:46:26.939" level="INFO">@{actualList} = [ ]</msg>
<status status="PASS" starttime="20230220 11:46:26.939" endtime="20230220 11:46:26.939"/>
</kw>
<for flavor="IN">
<var>${element}</var>
<value>@{elements}</value>
<iter>
<var name="${element}">&lt;selenium.webdriver.remote.webelement.WebElement (session="b1b9c2a82d4407ee10a6d81050c136b8", element="c82f297d-a019-4475-8644-ffaa19d6f95a")&gt;</var>
<kw name="Log" library="BuiltIn">
<arg>${element.text}</arg>
<doc>Logs the given message with the given level.</doc>
<msg timestamp="20230220 11:46:26.952" level="INFO">iphone X</msg>
<status status="PASS" starttime="20230220 11:46:26.940" endtime="20230220 11:46:26.952"/>
</kw>
<kw name="Append To List" library="Collections">
<arg>${actualList}</arg>
<arg>${element.text}</arg>
<doc>Adds ``values`` to the end of ``list``.</doc>
<status status="PASS" starttime="20230220 11:46:26.953" endtime="20230220 11:46:26.962"/>
</kw>
<status status="PASS" starttime="20230220 11:46:26.940" endtime="20230220 11:46:26.962"/>
</iter>
<iter>
<var name="${element}">&lt;selenium.webdriver.remote.webelement.WebElement (session="b1b9c2a82d4407ee10a6d81050c136b8", element="e79955bf-3bcb-49c7-be17-01ae365bb90f")&gt;</var>
<kw name="Log" library="BuiltIn">
<arg>${element.text}</arg>
<doc>Logs the given message with the given level.</doc>
<msg timestamp="20230220 11:46:26.974" level="INFO">Samsung Note 8</msg>
<status status="PASS" starttime="20230220 11:46:26.963" endtime="20230220 11:46:26.974"/>
</kw>
<kw name="Append To List" library="Collections">
<arg>${actualList}</arg>
<arg>${element.text}</arg>
<doc>Adds ``values`` to the end of ``list``.</doc>
<status status="PASS" starttime="20230220 11:46:26.974" endtime="20230220 11:46:26.980"/>
</kw>
<status status="PASS" starttime="20230220 11:46:26.962" endtime="20230220 11:46:26.980"/>
</iter>
<iter>
<var name="${element}">&lt;selenium.webdriver.remote.webelement.WebElement (session="b1b9c2a82d4407ee10a6d81050c136b8", element="3c9901cc-0370-494b-b8a7-b7b7f05405f1")&gt;</var>
<kw name="Log" library="BuiltIn">
<arg>${element.text}</arg>
<doc>Logs the given message with the given level.</doc>
<msg timestamp="20230220 11:46:26.991" level="INFO">Nokia Edge</msg>
<status status="PASS" starttime="20230220 11:46:26.981" endtime="20230220 11:46:26.991"/>
</kw>
<kw name="Append To List" library="Collections">
<arg>${actualList}</arg>
<arg>${element.text}</arg>
<doc>Adds ``values`` to the end of ``list``.</doc>
<status status="PASS" starttime="20230220 11:46:26.992" endtime="20230220 11:46:26.999"/>
</kw>
<status status="PASS" starttime="20230220 11:46:26.980" endtime="20230220 11:46:26.999"/>
</iter>
<iter>
<var name="${element}">&lt;selenium.webdriver.remote.webelement.WebElement (session="b1b9c2a82d4407ee10a6d81050c136b8", element="af9860eb-ae2b-4c2e-a2da-b56a2e834131")&gt;</var>
<kw name="Log" library="BuiltIn">
<arg>${element.text}</arg>
<doc>Logs the given message with the given level.</doc>
<msg timestamp="20230220 11:46:27.010" level="INFO">Blackberry</msg>
<status status="PASS" starttime="20230220 11:46:27.000" endtime="20230220 11:46:27.010"/>
</kw>
<kw name="Append To List" library="Collections">
<arg>${actualList}</arg>
<arg>${element.text}</arg>
<doc>Adds ``values`` to the end of ``list``.</doc>
<status status="PASS" starttime="20230220 11:46:27.010" endtime="20230220 11:46:27.016"/>
</kw>
<status status="PASS" starttime="20230220 11:46:26.999" endtime="20230220 11:46:27.016"/>
</iter>
<status status="PASS" starttime="20230220 11:46:26.939" endtime="20230220 11:46:27.016"/>
</for>
<kw name="Lists Should Be Equal" library="Collections">
<arg>${expectedList}</arg>
<arg>${actualList}</arg>
<doc>Fails if given lists are unequal.</doc>
<status status="PASS" starttime="20230220 11:46:27.016" endtime="20230220 11:46:27.017"/>
</kw>
<status status="PASS" starttime="20230220 11:46:26.928" endtime="20230220 11:46:27.017"/>
</kw>
<kw name="Add Items To Cart And Checkout" library="Shop">
<arg>${listofProducts}</arg>
<msg timestamp="20230220 11:46:27.039" level="INFO">Clicking button 'xpath:(//*[@class='card-footer'])[3]/button'.</msg>
<msg timestamp="20230220 11:46:27.096" level="INFO">Clicking button 'xpath:(//*[@class='card-footer'])[4]/button'.</msg>
<msg timestamp="20230220 11:46:27.134" level="INFO">Clicking link 'css:li.active a'.</msg>
<status status="PASS" starttime="20230220 11:46:27.017" endtime="20230220 11:46:27.169"/>
</kw>
<kw name="Verify items in the Checkout Page and proceed" library="CheckoutPage">
<kw name="Click Element" library="SeleniumLibrary">
<arg>css:.btn-success</arg>
<doc>Click the element identified by ``locator``.</doc>
<msg timestamp="20230220 11:46:27.170" level="INFO">Clicking element 'css:.btn-success'.</msg>
<status status="PASS" starttime="20230220 11:46:27.170" endtime="20230220 11:46:27.211"/>
</kw>
<status status="PASS" starttime="20230220 11:46:27.169" endtime="20230220 11:46:27.211"/>
</kw>
<kw name="Enter the Country and select the terms" library="ConfirmationPage">
<arg>${country_name}</arg>
<kw name="Input Text" library="SeleniumLibrary">
<arg>country</arg>
<arg>${country_name}</arg>
<doc>Types the given ``text`` into the text field identified by ``locator``.</doc>
<msg timestamp="20230220 11:46:27.212" level="INFO">Typing text 'India' into text field 'country'.</msg>
<status status="PASS" starttime="20230220 11:46:27.211" endtime="20230220 11:46:27.273"/>
</kw>
<kw name="Wait Until element passed is located on Page" library="Generic">
<arg>//a[text()='${country_name}']</arg>
<kw name="Wait Until Element Is Visible" library="SeleniumLibrary">
<arg>${page_locator}</arg>
<arg>timeout=10</arg>
<doc>Waits until the element ``locator`` is visible.</doc>
<status status="PASS" starttime="20230220 11:46:27.274" endtime="20230220 11:46:32.311"/>
</kw>
<status status="PASS" starttime="20230220 11:46:27.273" endtime="20230220 11:46:32.311"/>
</kw>
<kw name="Click Element" library="SeleniumLibrary">
<arg>//a[text()='${country_name}']</arg>
<doc>Click the element identified by ``locator``.</doc>
<msg timestamp="20230220 11:46:32.311" level="INFO">Clicking element '//a[text()='India']'.</msg>
<status status="PASS" starttime="20230220 11:46:32.311" endtime="20230220 11:46:32.339"/>
</kw>
<kw name="Sleep" library="BuiltIn">
<arg>2</arg>
<doc>Pauses the test executed for the given time.</doc>
<msg timestamp="20230220 11:46:34.340" level="INFO">Slept 2 seconds</msg>
<status status="PASS" starttime="20230220 11:46:32.339" endtime="20230220 11:46:34.340"/>
</kw>
<kw name="Click Element" library="SeleniumLibrary">
<arg>css:.checkbox label</arg>
<doc>Click the element identified by ``locator``.</doc>
<msg timestamp="20230220 11:46:34.343" level="INFO">Clicking element 'css:.checkbox label'.</msg>
<status status="PASS" starttime="20230220 11:46:34.341" endtime="20230220 11:46:34.430"/>
</kw>
<status status="PASS" starttime="20230220 11:46:27.211" endtime="20230220 11:46:34.431"/>
</kw>
<kw name="Purchase the Product and Confirm the Purchase" library="ConfirmationPage">
<kw name="Click Button" library="SeleniumLibrary">
<arg>css:.btn-success</arg>
<doc>Clicks the button identified by ``locator``.</doc>
<msg timestamp="20230220 11:46:34.433" level="INFO">Clicking button 'css:.btn-success'.</msg>
<status status="PASS" starttime="20230220 11:46:34.432" endtime="20230220 11:46:34.468"/>
</kw>
<kw name="Page Should Contain" library="SeleniumLibrary">
<arg>Success!</arg>
<doc>Verifies that current page contains ``text``.</doc>
<msg timestamp="20230220 11:46:34.481" level="INFO">Current page contains text 'Success!'.</msg>
<status status="PASS" starttime="20230220 11:46:34.468" endtime="20230220 11:46:34.481"/>
</kw>
<status status="PASS" starttime="20230220 11:46:34.431" endtime="20230220 11:46:34.481"/>
</kw>
<kw name="Close Browser session" library="Generic" type="TEARDOWN">
<kw name="Close Browser" library="SeleniumLibrary">
<doc>Closes the current browser.</doc>
<status status="PASS" starttime="20230220 11:46:34.482" endtime="20230220 11:46:37.042"/>
</kw>
<status status="PASS" starttime="20230220 11:46:34.482" endtime="20230220 11:46:37.042"/>
</kw>
<tag>REGRESSION</tag>
<status status="PASS" starttime="20230220 11:46:16.320" endtime="20230220 11:46:37.043"/>
</test>
<doc>To validate the Login form</doc>
<status status="PASS" starttime="20230220 11:46:16.023" endtime="20230220 11:46:37.043"/>
</suite>
<statistics>
<total>
<stat pass="1" fail="0" skip="0">All Tests</stat>
</total>
<tag>
<stat pass="1" fail="0" skip="0">REGRESSION</stat>
</tag>
<suite>
<stat pass="1" fail="0" skip="0" id="s1" name="testDemo6">testDemo6</stat>
</suite>
</statistics>
<errors>
</errors>
</robot>
