<?xml version="1.0" encoding="UTF-8"?>
<robot generator="Robot 6.0.2 (Python 3.11.2 on win32)" generated="20230220 14:36:47.465" rpa="false" schemaversion="3">
<suite id="s1" name="testDemo6" source="C:\Users\laura.cabezas\Documents\TAE Training\Robot_Framework\RobotFramework_practise\tests\testDemo6.robot">
<test id="s1-t1" name="Validate UnSuccesful Login" line="23">
<kw name="open the browser with the url" library="Generic" type="SETUP">
<arg>Firefox</arg>
<kw name="Create Webdriver" library="SeleniumLibrary">
<arg>${browser_name}</arg>
<arg>executable_path=resources/${browser_name}</arg>
<doc>Creates an instance of Selenium WebDriver.</doc>
<msg timestamp="20230220 14:36:47.778" level="INFO">Creating an instance of the Firefox WebDriver.</msg>
<status status="PASS" starttime="20230220 14:36:47.778" endtime="20230220 14:36:58.459"/>
</kw>
<kw name="Go To" library="SeleniumLibrary">
<arg>${url}</arg>
<doc>Navigates the current browser window to the provided ``url``.</doc>
<msg timestamp="20230220 14:36:58.460" level="INFO">Opening url 'https://rahulshettyacademy.com/loginpagePractise/'</msg>
<status status="PASS" starttime="20230220 14:36:58.459" endtime="20230220 14:37:00.327"/>
</kw>
<status status="PASS" starttime="20230220 14:36:47.778" endtime="20230220 14:37:00.328"/>
</kw>
<kw name="Fill the login Form" library="LandingPage">
<arg>${user_name}</arg>
<arg>${invalid_password}</arg>
<kw name="Input Text" library="SeleniumLibrary">
<arg>id:username</arg>
<arg>${username}</arg>
<doc>Types the given ``text`` into the text field identified by ``locator``.</doc>
<msg timestamp="20230220 14:37:00.329" level="INFO">Typing text 'rahulshettyacademy' into text field 'id:username'.</msg>
<status status="PASS" starttime="20230220 14:37:00.328" endtime="20230220 14:37:00.386"/>
</kw>
<kw name="Input Password" library="SeleniumLibrary">
<arg>id:password</arg>
<arg>${password}</arg>
<doc>Types the given password into the text field identified by ``locator``.</doc>
<msg timestamp="20230220 14:37:00.386" level="INFO">Typing password into text field 'id:password'.</msg>
<msg timestamp="20230220 14:37:00.391" level="INFO">Temporally setting log level to: NONE</msg>
<msg timestamp="20230220 14:37:00.399" level="INFO">Log level changed from NONE to INFO.</msg>
<status status="PASS" starttime="20230220 14:37:00.386" endtime="20230220 14:37:00.399"/>
</kw>
<kw name="Click Button" library="SeleniumLibrary">
<arg>signInBtn</arg>
<doc>Clicks the button identified by ``locator``.</doc>
<msg timestamp="20230220 14:37:00.400" level="INFO">Clicking button 'signInBtn'.</msg>
<status status="PASS" starttime="20230220 14:37:00.399" endtime="20230220 14:37:00.622"/>
</kw>
<status status="PASS" starttime="20230220 14:37:00.328" endtime="20230220 14:37:00.622"/>
</kw>
<kw name="wait until Element is located in the page" library="LandingPage">
<kw name="Wait Until element passed is located on Page" library="Generic">
<arg>${Error_Message_Login}</arg>
<kw name="Wait Until Element Is Visible" library="SeleniumLibrary">
<arg>${page_locator}</arg>
<arg>timeout=10</arg>
<doc>Waits until the element ``locator`` is visible.</doc>
<status status="PASS" starttime="20230220 14:37:00.623" endtime="20230220 14:37:02.584"/>
</kw>
<status status="PASS" starttime="20230220 14:37:00.623" endtime="20230220 14:37:02.584"/>
</kw>
<status status="PASS" starttime="20230220 14:37:00.622" endtime="20230220 14:37:02.585"/>
</kw>
<kw name="verify error message is correct" library="LandingPage">
<kw name="Get Text" library="SeleniumLibrary">
<var>${result}</var>
<arg>${Error_Message_Login}</arg>
<doc>Returns the text value of the element identified by ``locator``.</doc>
<msg timestamp="20230220 14:37:02.606" level="INFO">${result} = Incorrect username/password.</msg>
<status status="PASS" starttime="20230220 14:37:02.585" endtime="20230220 14:37:02.606"/>
</kw>
<kw name="Should Be Equal As Strings" library="BuiltIn">
<arg>${result}</arg>
<arg>Incorrect username/password.</arg>
<doc>Fails if objects are unequal after converting them to strings.</doc>
<status status="PASS" starttime="20230220 14:37:02.606" endtime="20230220 14:37:02.606"/>
</kw>
<kw name="Element Text Should Be" library="SeleniumLibrary">
<arg>${Error_Message_Login}</arg>
<arg>Incorrect username/password.</arg>
<doc>Verifies that element ``locator`` contains exact the text ``expected``.</doc>
<msg timestamp="20230220 14:37:02.607" level="INFO">Verifying element 'css:.alert-danger' contains exact text 'Incorrect username/password.'.</msg>
<status status="PASS" starttime="20230220 14:37:02.606" endtime="20230220 14:37:02.615"/>
</kw>
<status status="PASS" starttime="20230220 14:37:02.585" endtime="20230220 14:37:02.615"/>
</kw>
<kw name="Close Browser session" library="Generic" type="TEARDOWN">
<kw name="Close Browser" library="SeleniumLibrary">
<doc>Closes the current browser.</doc>
<status status="PASS" starttime="20230220 14:37:02.616" endtime="20230220 14:37:05.425"/>
</kw>
<status status="PASS" starttime="20230220 14:37:02.616" endtime="20230220 14:37:05.425"/>
</kw>
<tag>REGRESSION</tag>
<tag>SMOKE</tag>
<status status="PASS" starttime="20230220 14:36:47.777" endtime="20230220 14:37:05.426"/>
</test>
<test id="s1-t2" name="End to end ecommerce Product validation" line="31">
<kw name="open the browser with the url" library="Generic" type="SETUP">
<arg>Firefox</arg>
<kw name="Create Webdriver" library="SeleniumLibrary">
<arg>${browser_name}</arg>
<arg>executable_path=resources/${browser_name}</arg>
<doc>Creates an instance of Selenium WebDriver.</doc>
<msg timestamp="20230220 14:37:05.433" level="INFO">Creating an instance of the Firefox WebDriver.</msg>
<status status="PASS" starttime="20230220 14:37:05.433" endtime="20230220 14:37:10.908"/>
</kw>
<kw name="Go To" library="SeleniumLibrary">
<arg>${url}</arg>
<doc>Navigates the current browser window to the provided ``url``.</doc>
<msg timestamp="20230220 14:37:10.909" level="INFO">Opening url 'https://rahulshettyacademy.com/loginpagePractise/'</msg>
<status status="PASS" starttime="20230220 14:37:10.908" endtime="20230220 14:37:12.642"/>
</kw>
<status status="PASS" starttime="20230220 14:37:05.432" endtime="20230220 14:37:12.642"/>
</kw>
<kw name="Fill the login Form" library="LandingPage">
<arg>${user_name}</arg>
<arg>${valid_password}</arg>
<kw name="Input Text" library="SeleniumLibrary">
<arg>id:username</arg>
<arg>${username}</arg>
<doc>Types the given ``text`` into the text field identified by ``locator``.</doc>
<msg timestamp="20230220 14:37:12.643" level="INFO">Typing text 'rahulshettyacademy' into text field 'id:username'.</msg>
<status status="PASS" starttime="20230220 14:37:12.643" endtime="20230220 14:37:12.683"/>
</kw>
<kw name="Input Password" library="SeleniumLibrary">
<arg>id:password</arg>
<arg>${password}</arg>
<doc>Types the given password into the text field identified by ``locator``.</doc>
<msg timestamp="20230220 14:37:12.683" level="INFO">Typing password into text field 'id:password'.</msg>
<msg timestamp="20230220 14:37:12.690" level="INFO">Temporally setting log level to: NONE</msg>
<msg timestamp="20230220 14:37:12.698" level="INFO">Log level changed from NONE to INFO.</msg>
<status status="PASS" starttime="20230220 14:37:12.683" endtime="20230220 14:37:12.699"/>
</kw>
<kw name="Click Button" library="SeleniumLibrary">
<arg>signInBtn</arg>
<doc>Clicks the button identified by ``locator``.</doc>
<msg timestamp="20230220 14:37:12.699" level="INFO">Clicking button 'signInBtn'.</msg>
<status status="PASS" starttime="20230220 14:37:12.699" endtime="20230220 14:37:12.917"/>
</kw>
<status status="PASS" starttime="20230220 14:37:12.642" endtime="20230220 14:37:12.917"/>
</kw>
<kw name="wait until Element is located in the page" library="ShopPage">
<kw name="Wait Until element passed is located on Page" library="Generic">
<arg>${Shop_page_load}</arg>
<kw name="Wait Until Element Is Visible" library="SeleniumLibrary">
<arg>${page_locator}</arg>
<arg>timeout=10</arg>
<doc>Waits until the element ``locator`` is visible.</doc>
<status status="PASS" starttime="20230220 14:37:12.919" endtime="20230220 14:37:17.079"/>
</kw>
<status status="PASS" starttime="20230220 14:37:12.918" endtime="20230220 14:37:17.079"/>
</kw>
<status status="PASS" starttime="20230220 14:37:12.918" endtime="20230220 14:37:17.079"/>
</kw>
<kw name="Verify Card titles in the Shop page" library="ShopPage">
<kw name="Create List" library="BuiltIn">
<var>@{expectedList}</var>
<arg>iphone X</arg>
<arg>Samsung Note 8</arg>
<arg>Nokia Edge</arg>
<arg>Blackberry</arg>
<doc>Returns a list containing given items.</doc>
<msg timestamp="20230220 14:37:17.080" level="INFO">@{expectedList} = [ iphone X | Samsung Note 8 | Nokia Edge | Blackberry ]</msg>
<status status="PASS" starttime="20230220 14:37:17.080" endtime="20230220 14:37:17.080"/>
</kw>
<kw name="Get WebElements" library="SeleniumLibrary">
<var>${elements}</var>
<arg>css:.card-title</arg>
<doc>Returns a list of WebElement objects matching the ``locator``.</doc>
<msg timestamp="20230220 14:37:17.089" level="INFO">${elements} = [&lt;selenium.webdriver.remote.webelement.WebElement (session="22d5a30d-e669-4fa1-a7a8-e566d2329986", element="7437c629-2732-44fb-9e20-f0a5e882ce6b")&gt;, &lt;selenium.webdriver.remote.webelement.WebElement (s...</msg>
<status status="PASS" starttime="20230220 14:37:17.080" endtime="20230220 14:37:17.089"/>
</kw>
<kw name="Create List" library="BuiltIn">
<var>@{actualList}</var>
<doc>Returns a list containing given items.</doc>
<msg timestamp="20230220 14:37:17.090" level="INFO">@{actualList} = [ ]</msg>
<status status="PASS" starttime="20230220 14:37:17.089" endtime="20230220 14:37:17.090"/>
</kw>
<for flavor="IN">
<var>${element}</var>
<value>@{elements}</value>
<iter>
<var name="${element}">&lt;selenium.webdriver.remote.webelement.WebElement (session="22d5a30d-e669-4fa1-a7a8-e566d2329986", element="7437c629-2732-44fb-9e20-f0a5e882ce6b")&gt;</var>
<kw name="Log" library="BuiltIn">
<arg>${element.text}</arg>
<doc>Logs the given message with the given level.</doc>
<msg timestamp="20230220 14:37:17.122" level="INFO">iphone X</msg>
<status status="PASS" starttime="20230220 14:37:17.090" endtime="20230220 14:37:17.122"/>
</kw>
<kw name="Append To List" library="Collections">
<arg>${actualList}</arg>
<arg>${element.text}</arg>
<doc>Adds ``values`` to the end of ``list``.</doc>
<status status="PASS" starttime="20230220 14:37:17.122" endtime="20230220 14:37:17.143"/>
</kw>
<status status="PASS" starttime="20230220 14:37:17.090" endtime="20230220 14:37:17.143"/>
</iter>
<iter>
<var name="${element}">&lt;selenium.webdriver.remote.webelement.WebElement (session="22d5a30d-e669-4fa1-a7a8-e566d2329986", element="1726dfce-d8a8-4de0-86c9-82320da94b5b")&gt;</var>
<kw name="Log" library="BuiltIn">
<arg>${element.text}</arg>
<doc>Logs the given message with the given level.</doc>
<msg timestamp="20230220 14:37:17.153" level="INFO">Samsung Note 8</msg>
<status status="PASS" starttime="20230220 14:37:17.143" endtime="20230220 14:37:17.153"/>
</kw>
<kw name="Append To List" library="Collections">
<arg>${actualList}</arg>
<arg>${element.text}</arg>
<doc>Adds ``values`` to the end of ``list``.</doc>
<status status="PASS" starttime="20230220 14:37:17.153" endtime="20230220 14:37:17.166"/>
</kw>
<status status="PASS" starttime="20230220 14:37:17.143" endtime="20230220 14:37:17.166"/>
</iter>
<iter>
<var name="${element}">&lt;selenium.webdriver.remote.webelement.WebElement (session="22d5a30d-e669-4fa1-a7a8-e566d2329986", element="76805a1f-71c2-4d28-a981-67a649408c1e")&gt;</var>
<kw name="Log" library="BuiltIn">
<arg>${element.text}</arg>
<doc>Logs the given message with the given level.</doc>
<msg timestamp="20230220 14:37:17.172" level="INFO">Nokia Edge</msg>
<status status="PASS" starttime="20230220 14:37:17.166" endtime="20230220 14:37:17.172"/>
</kw>
<kw name="Append To List" library="Collections">
<arg>${actualList}</arg>
<arg>${element.text}</arg>
<doc>Adds ``values`` to the end of ``list``.</doc>
<status status="PASS" starttime="20230220 14:37:17.173" endtime="20230220 14:37:17.181"/>
</kw>
<status status="PASS" starttime="20230220 14:37:17.166" endtime="20230220 14:37:17.181"/>
</iter>
<iter>
<var name="${element}">&lt;selenium.webdriver.remote.webelement.WebElement (session="22d5a30d-e669-4fa1-a7a8-e566d2329986", element="de00f61f-e743-4367-a853-fdf848084c97")&gt;</var>
<kw name="Log" library="BuiltIn">
<arg>${element.text}</arg>
<doc>Logs the given message with the given level.</doc>
<msg timestamp="20230220 14:37:17.189" level="INFO">Blackberry</msg>
<status status="PASS" starttime="20230220 14:37:17.181" endtime="20230220 14:37:17.189"/>
</kw>
<kw name="Append To List" library="Collections">
<arg>${actualList}</arg>
<arg>${element.text}</arg>
<doc>Adds ``values`` to the end of ``list``.</doc>
<status status="PASS" starttime="20230220 14:37:17.189" endtime="20230220 14:37:17.196"/>
</kw>
<status status="PASS" starttime="20230220 14:37:17.181" endtime="20230220 14:37:17.196"/>
</iter>
<status status="PASS" starttime="20230220 14:37:17.090" endtime="20230220 14:37:17.196"/>
</for>
<kw name="Lists Should Be Equal" library="Collections">
<arg>${expectedList}</arg>
<arg>${actualList}</arg>
<doc>Fails if given lists are unequal.</doc>
<status status="PASS" starttime="20230220 14:37:17.196" endtime="20230220 14:37:17.197"/>
</kw>
<status status="PASS" starttime="20230220 14:37:17.080" endtime="20230220 14:37:17.197"/>
</kw>
<kw name="Add Items To Cart And Checkout" library="Shop">
<arg>${listofProducts}</arg>
<msg timestamp="20230220 14:37:17.245" level="INFO">Clicking button 'xpath:(//*[@class='card-footer'])[3]/button'.</msg>
<msg timestamp="20230220 14:37:17.494" level="INFO">Clicking button 'xpath:(//*[@class='card-footer'])[4]/button'.</msg>
<msg timestamp="20230220 14:37:17.722" level="INFO">Clicking link 'css:li.active a'.</msg>
<status status="PASS" starttime="20230220 14:37:17.197" endtime="20230220 14:37:17.970"/>
</kw>
<kw name="Verify items in the Checkout Page and proceed" library="CheckoutPage">
<kw name="Click Element" library="SeleniumLibrary">
<arg>css:.btn-success</arg>
<doc>Click the element identified by ``locator``.</doc>
<msg timestamp="20230220 14:37:17.974" level="INFO">Clicking element 'css:.btn-success'.</msg>
<status status="PASS" starttime="20230220 14:37:17.973" endtime="20230220 14:37:18.211"/>
</kw>
<status status="PASS" starttime="20230220 14:37:17.972" endtime="20230220 14:37:18.211"/>
</kw>
<kw name="Enter the Country and select the terms" library="ConfirmationPage">
<arg>${country_name}</arg>
<kw name="Input Text" library="SeleniumLibrary">
<arg>country</arg>
<arg>${country_name}</arg>
<doc>Types the given ``text`` into the text field identified by ``locator``.</doc>
<msg timestamp="20230220 14:37:18.212" level="INFO">Typing text 'India' into text field 'country'.</msg>
<status status="PASS" starttime="20230220 14:37:18.212" endtime="20230220 14:37:18.244"/>
</kw>
<kw name="Wait Until element passed is located on Page" library="Generic">
<arg>//a[text()='${country_name}']</arg>
<kw name="Wait Until Element Is Visible" library="SeleniumLibrary">
<arg>${page_locator}</arg>
<arg>timeout=10</arg>
<doc>Waits until the element ``locator`` is visible.</doc>
<status status="PASS" starttime="20230220 14:37:18.244" endtime="20230220 14:37:23.472"/>
</kw>
<status status="PASS" starttime="20230220 14:37:18.244" endtime="20230220 14:37:23.473"/>
</kw>
<kw name="Click Element" library="SeleniumLibrary">
<arg>//a[text()='${country_name}']</arg>
<doc>Click the element identified by ``locator``.</doc>
<msg timestamp="20230220 14:37:23.474" level="INFO">Clicking element '//a[text()='India']'.</msg>
<status status="PASS" starttime="20230220 14:37:23.473" endtime="20230220 14:37:23.698"/>
</kw>
<kw name="Sleep" library="BuiltIn">
<arg>2</arg>
<doc>Pauses the test executed for the given time.</doc>
<msg timestamp="20230220 14:37:25.699" level="INFO">Slept 2 seconds</msg>
<status status="PASS" starttime="20230220 14:37:23.699" endtime="20230220 14:37:25.699"/>
</kw>
<kw name="Click Element" library="SeleniumLibrary">
<arg>css:.checkbox label</arg>
<doc>Click the element identified by ``locator``.</doc>
<msg timestamp="20230220 14:37:25.702" level="INFO">Clicking element 'css:.checkbox label'.</msg>
<status status="PASS" starttime="20230220 14:37:25.700" endtime="20230220 14:37:25.946"/>
</kw>
<status status="PASS" starttime="20230220 14:37:18.211" endtime="20230220 14:37:25.946"/>
</kw>
<kw name="Purchase the Product and Confirm the Purchase" library="ConfirmationPage">
<kw name="Click Button" library="SeleniumLibrary">
<arg>css:.btn-success</arg>
<doc>Clicks the button identified by ``locator``.</doc>
<msg timestamp="20230220 14:37:25.949" level="INFO">Clicking button 'css:.btn-success'.</msg>
<status status="PASS" starttime="20230220 14:37:25.948" endtime="20230220 14:37:26.183"/>
</kw>
<kw name="Page Should Contain" library="SeleniumLibrary">
<arg>Success!</arg>
<doc>Verifies that current page contains ``text``.</doc>
<msg timestamp="20230220 14:37:26.224" level="INFO">Current page contains text 'Success!'.</msg>
<status status="PASS" starttime="20230220 14:37:26.184" endtime="20230220 14:37:26.225"/>
</kw>
<status status="PASS" starttime="20230220 14:37:25.948" endtime="20230220 14:37:26.225"/>
</kw>
<kw name="Close Browser session" library="Generic" type="TEARDOWN">
<kw name="Close Browser" library="SeleniumLibrary">
<doc>Closes the current browser.</doc>
<status status="PASS" starttime="20230220 14:37:26.226" endtime="20230220 14:37:29.034"/>
</kw>
<status status="PASS" starttime="20230220 14:37:26.225" endtime="20230220 14:37:29.034"/>
</kw>
<tag>REGRESSION</tag>
<status status="PASS" starttime="20230220 14:37:05.430" endtime="20230220 14:37:29.036"/>
</test>
<test id="s1-t3" name="Select the Form and navigate to Child window" line="43">
<kw name="open the browser with the url" library="Generic" type="SETUP">
<arg>Firefox</arg>
<kw name="Create Webdriver" library="SeleniumLibrary">
<arg>${browser_name}</arg>
<arg>executable_path=resources/${browser_name}</arg>
<doc>Creates an instance of Selenium WebDriver.</doc>
<msg timestamp="20230220 14:37:29.040" level="INFO">Creating an instance of the Firefox WebDriver.</msg>
<status status="PASS" starttime="20230220 14:37:29.040" endtime="20230220 14:37:34.418"/>
</kw>
<kw name="Go To" library="SeleniumLibrary">
<arg>${url}</arg>
<doc>Navigates the current browser window to the provided ``url``.</doc>
<msg timestamp="20230220 14:37:34.419" level="INFO">Opening url 'https://rahulshettyacademy.com/loginpagePractise/'</msg>
<status status="PASS" starttime="20230220 14:37:34.418" endtime="20230220 14:37:36.360"/>
</kw>
<status status="PASS" starttime="20230220 14:37:29.039" endtime="20230220 14:37:36.360"/>
</kw>
<kw name="Fill the Login Details and Login Form" library="LandingPage">
<kw name="Input Text" library="SeleniumLibrary">
<arg>id:username</arg>
<arg>rahulshettyacademy</arg>
<doc>Types the given ``text`` into the text field identified by ``locator``.</doc>
<msg timestamp="20230220 14:37:36.362" level="INFO">Typing text 'rahulshettyacademy' into text field 'id:username'.</msg>
<status status="PASS" starttime="20230220 14:37:36.361" endtime="20230220 14:37:36.406"/>
</kw>
<kw name="Input Password" library="SeleniumLibrary">
<arg>id:password</arg>
<arg>learning</arg>
<doc>Types the given password into the text field identified by ``locator``.</doc>
<msg timestamp="20230220 14:37:36.407" level="INFO">Typing password into text field 'id:password'.</msg>
<msg timestamp="20230220 14:37:36.412" level="INFO">Temporally setting log level to: NONE</msg>
<msg timestamp="20230220 14:37:36.421" level="INFO">Log level changed from NONE to INFO.</msg>
<status status="PASS" starttime="20230220 14:37:36.407" endtime="20230220 14:37:36.421"/>
</kw>
<kw name="Click Element" library="SeleniumLibrary">
<arg>css:input[value='user']</arg>
<doc>Click the element identified by ``locator``.</doc>
<msg timestamp="20230220 14:37:36.421" level="INFO">Clicking element 'css:input[value='user']'.</msg>
<status status="PASS" starttime="20230220 14:37:36.421" endtime="20230220 14:37:36.637"/>
</kw>
<kw name="Wait Until Element Is Visible" library="SeleniumLibrary">
<arg>css:.modal-body</arg>
<doc>Waits until the element ``locator`` is visible.</doc>
<status status="PASS" starttime="20230220 14:37:36.637" endtime="20230220 14:37:36.653"/>
</kw>
<kw name="Click Button" library="SeleniumLibrary">
<arg>id:okayBtn</arg>
<doc>Clicks the button identified by ``locator``.</doc>
<msg timestamp="20230220 14:37:36.653" level="INFO">Clicking button 'id:okayBtn'.</msg>
<status status="PASS" starttime="20230220 14:37:36.653" endtime="20230220 14:37:36.875"/>
</kw>
<kw name="Click Button" library="SeleniumLibrary">
<arg>id:okayBtn</arg>
<doc>Clicks the button identified by ``locator``.</doc>
<msg timestamp="20230220 14:37:36.876" level="INFO">Clicking button 'id:okayBtn'.</msg>
<status status="PASS" starttime="20230220 14:37:36.876" endtime="20230220 14:37:37.100"/>
</kw>
<kw name="Wait Until Element Is Not Visible" library="SeleniumLibrary">
<arg>css:.modal-body</arg>
<doc>Waits until the element ``locator`` is not visible.</doc>
<status status="PASS" starttime="20230220 14:37:37.100" endtime="20230220 14:37:37.118"/>
</kw>
<kw name="Select From List By Value" library="SeleniumLibrary">
<arg>css:select.form-control</arg>
<arg>teach</arg>
<doc>Selects options from selection list ``locator`` by ``values``.</doc>
<msg timestamp="20230220 14:37:37.119" level="INFO">Selecting options from selection list 'css:select.form-control' by value teach.</msg>
<msg timestamp="20230220 14:37:37.255" level="INFO" html="true">&lt;/td&gt;&lt;/tr&gt;&lt;tr&gt;&lt;td colspan="3"&gt;&lt;a href="selenium-screenshot-7.png"&gt;&lt;img src="selenium-screenshot-7.png" width="800px"&gt;&lt;/a&gt;</msg>
<msg timestamp="20230220 14:37:37.255" level="FAIL">ElementClickInterceptedException: Message: Element &lt;select class="form-control"&gt; is not clickable at point (631,439) because another element &lt;div class="modal-backdrop fade"&gt; obscures it
Stacktrace:
RemoteError@chrome://remote/content/shared/RemoteError.jsm:12:1
WebDriverError@chrome://remote/content/shared/webdriver/Errors.jsm:192:5
ElementClickInterceptedError@chrome://remote/content/shared/webdriver/Errors.jsm:291:5
webdriverClickElement@chrome://remote/content/marionette/interaction.js:166:11
interaction.clickElement@chrome://remote/content/marionette/interaction.js:125:11
clickElement@chrome://remote/content/marionette/actors/MarionetteCommandsChild.jsm:204:29
receiveMessage@chrome://remote/content/marionette/actors/MarionetteCommandsChild.jsm:92:31
</msg>
<status status="FAIL" starttime="20230220 14:37:37.118" endtime="20230220 14:37:37.276"/>
</kw>
<kw name="Select Checkbox" library="SeleniumLibrary">
<arg>terms</arg>
<doc>Selects the checkbox identified by ``locator``.</doc>
<status status="NOT RUN" starttime="20230220 14:37:37.276" endtime="20230220 14:37:37.276"/>
</kw>
<kw name="Checkbox Should Be Selected" library="SeleniumLibrary">
<arg>terms</arg>
<doc>Verifies checkbox ``locator`` is selected/checked.</doc>
<status status="NOT RUN" starttime="20230220 14:37:37.276" endtime="20230220 14:37:37.276"/>
</kw>
<status status="FAIL" starttime="20230220 14:37:36.361" endtime="20230220 14:37:37.276"/>
</kw>
<kw name="Close Browser session" library="Generic" type="TEARDOWN">
<kw name="Close Browser" library="SeleniumLibrary">
<doc>Closes the current browser.</doc>
<status status="PASS" starttime="20230220 14:37:37.277" endtime="20230220 14:37:40.092"/>
</kw>
<status status="PASS" starttime="20230220 14:37:37.277" endtime="20230220 14:37:40.093"/>
</kw>
<status status="FAIL" starttime="20230220 14:37:29.038" endtime="20230220 14:37:40.093">ElementClickInterceptedException: Message: Element &lt;select class="form-control"&gt; is not clickable at point (631,439) because another element &lt;div class="modal-backdrop fade"&gt; obscures it
Stacktrace:
RemoteError@chrome://remote/content/shared/RemoteError.jsm:12:1
WebDriverError@chrome://remote/content/shared/webdriver/Errors.jsm:192:5
ElementClickInterceptedError@chrome://remote/content/shared/webdriver/Errors.jsm:291:5
webdriverClickElement@chrome://remote/content/marionette/interaction.js:166:11
interaction.clickElement@chrome://remote/content/marionette/interaction.js:125:11
clickElement@chrome://remote/content/marionette/actors/MarionetteCommandsChild.jsm:204:29
receiveMessage@chrome://remote/content/marionette/actors/MarionetteCommandsChild.jsm:92:31
</status>
</test>
<doc>To validate the Login form</doc>
<status status="FAIL" starttime="20230220 14:36:47.467" endtime="20230220 14:37:40.097"/>
</suite>
<statistics>
<total>
<stat pass="2" fail="1" skip="0">All Tests</stat>
</total>
<tag>
<stat pass="2" fail="0" skip="0">REGRESSION</stat>
<stat pass="1" fail="0" skip="0">SMOKE</stat>
</tag>
<suite>
<stat pass="2" fail="1" skip="0" id="s1" name="testDemo6">testDemo6</stat>
</suite>
</statistics>
<errors>
</errors>
</robot>
