<?xml version="1.0" encoding="UTF-8"?>
<robot generator="Robot 6.0.2 (Python 3.11.2 on win32)" generated="20230216 20:45:43.239" rpa="false" schemaversion="3">
<suite id="s1" name="testDemo2" source="C:\Users\laura.cabezas\Documents\TAE Training\Robot_Framework\RobotFramework_practise\RobotFramework\tests\testDemo2.robot">
<test id="s1-t1" name="Validate UnSuccesful Login" line="16">
<kw name="open the browser with the Mortgage payment url" library="Generic" type="SETUP">
<kw name="Create Webdriver" library="SeleniumLibrary">
<arg>Chrome</arg>
<arg>executable_path=/Users/rahulshetty/Documents/chromedriver</arg>
<doc>Creates an instance of Selenium WebDriver.</doc>
<msg timestamp="20230216 20:45:43.540" level="INFO">Creating an instance of the Chrome WebDriver.</msg>
<status status="PASS" starttime="20230216 20:45:43.540" endtime="20230216 20:45:46.323"/>
</kw>
<kw name="Go To" library="SeleniumLibrary">
<arg>${url}</arg>
<doc>Navigates the current browser window to the provided ``url``.</doc>
<msg timestamp="20230216 20:45:46.323" level="INFO">Opening url 'https://rahulshettyacademy.com/loginpagePractise/'</msg>
<status status="PASS" starttime="20230216 20:45:46.323" endtime="20230216 20:45:47.928"/>
</kw>
<status status="PASS" starttime="20230216 20:45:43.540" endtime="20230216 20:45:47.928"/>
</kw>
<kw name="Fill the login Form">
<arg>${user_name}</arg>
<arg>${invalid_password}</arg>
<kw name="Input Text" library="SeleniumLibrary">
<arg>id:username</arg>
<arg>${username}</arg>
<doc>Types the given ``text`` into the text field identified by ``locator``.</doc>
<msg timestamp="20230216 20:45:47.929" level="INFO">Typing text 'rahulshettyacademy' into text field 'id:username'.</msg>
<status status="PASS" starttime="20230216 20:45:47.929" endtime="20230216 20:45:48.008"/>
</kw>
<kw name="Input Password" library="SeleniumLibrary">
<arg>id:password</arg>
<arg>${password}</arg>
<doc>Types the given password into the text field identified by ``locator``.</doc>
<msg timestamp="20230216 20:45:48.008" level="INFO">Typing password into text field 'id:password'.</msg>
<msg timestamp="20230216 20:45:48.039" level="INFO">Temporally setting log level to: NONE</msg>
<msg timestamp="20230216 20:45:48.067" level="INFO">Log level changed from NONE to INFO.</msg>
<status status="PASS" starttime="20230216 20:45:48.008" endtime="20230216 20:45:48.067"/>
</kw>
<kw name="Click Button" library="SeleniumLibrary">
<arg>signInBtn</arg>
<doc>Clicks the button identified by ``locator``.</doc>
<msg timestamp="20230216 20:45:48.067" level="INFO">Clicking button 'signInBtn'.</msg>
<status status="PASS" starttime="20230216 20:45:48.067" endtime="20230216 20:45:48.105"/>
</kw>
<status status="PASS" starttime="20230216 20:45:47.928" endtime="20230216 20:45:48.105"/>
</kw>
<kw name="wait until Element is located in the page">
<arg>${Error_Message_Login}</arg>
<kw name="Wait Until Element Is Visible" library="SeleniumLibrary">
<arg>${element}</arg>
<doc>Waits until the element ``locator`` is visible.</doc>
<status status="PASS" starttime="20230216 20:45:48.106" endtime="20230216 20:45:50.111"/>
</kw>
<status status="PASS" starttime="20230216 20:45:48.105" endtime="20230216 20:45:50.111"/>
</kw>
<kw name="verify error message is correct">
<kw name="Get Text" library="SeleniumLibrary">
<var>${result}</var>
<arg>${Error_Message_Login}</arg>
<doc>Returns the text value of the element identified by ``locator``.</doc>
<msg timestamp="20230216 20:45:50.126" level="INFO">${result} = Incorrect username/password.</msg>
<status status="PASS" starttime="20230216 20:45:50.111" endtime="20230216 20:45:50.126"/>
</kw>
<kw name="Should Be Equal As Strings" library="BuiltIn">
<arg>${result}</arg>
<arg>Incorrect username/password.</arg>
<doc>Fails if objects are unequal after converting them to strings.</doc>
<status status="PASS" starttime="20230216 20:45:50.127" endtime="20230216 20:45:50.127"/>
</kw>
<kw name="Element Text Should Be" library="SeleniumLibrary">
<arg>${Error_Message_Login}</arg>
<arg>Incorrect username/password.</arg>
<doc>Verifies that element ``locator`` contains exact the text ``expected``.</doc>
<msg timestamp="20230216 20:45:50.127" level="INFO">Verifying element 'css:.alert-danger' contains exact text 'Incorrect username/password.'.</msg>
<status status="PASS" starttime="20230216 20:45:50.127" endtime="20230216 20:45:50.139"/>
</kw>
<status status="PASS" starttime="20230216 20:45:50.111" endtime="20230216 20:45:50.139"/>
</kw>
<kw name="Close Browser session" library="Generic" type="TEARDOWN">
<kw name="Close Browser" library="SeleniumLibrary">
<doc>Closes the current browser.</doc>
<status status="PASS" starttime="20230216 20:45:50.139" endtime="20230216 20:45:52.646"/>
</kw>
<status status="PASS" starttime="20230216 20:45:50.139" endtime="20230216 20:45:52.646"/>
</kw>
<tag>SMOKE</tag>
<status status="PASS" starttime="20230216 20:45:43.539" endtime="20230216 20:45:52.648"/>
</test>
<test id="s1-t2" name="Validate Cards display in the Shopping Page" line="22">
<kw name="open the browser with the Mortgage payment url" library="Generic" type="SETUP">
<kw name="Create Webdriver" library="SeleniumLibrary">
<arg>Chrome</arg>
<arg>executable_path=/Users/rahulshetty/Documents/chromedriver</arg>
<doc>Creates an instance of Selenium WebDriver.</doc>
<msg timestamp="20230216 20:45:52.655" level="INFO">Creating an instance of the Chrome WebDriver.</msg>
<status status="PASS" starttime="20230216 20:45:52.654" endtime="20230216 20:45:55.575"/>
</kw>
<kw name="Go To" library="SeleniumLibrary">
<arg>${url}</arg>
<doc>Navigates the current browser window to the provided ``url``.</doc>
<msg timestamp="20230216 20:45:55.575" level="INFO">Opening url 'https://rahulshettyacademy.com/loginpagePractise/'</msg>
<status status="PASS" starttime="20230216 20:45:55.575" endtime="20230216 20:45:57.184"/>
</kw>
<status status="PASS" starttime="20230216 20:45:52.653" endtime="20230216 20:45:57.184"/>
</kw>
<kw name="Fill the login Form">
<arg>${user_name}</arg>
<arg>${valid_password}</arg>
<kw name="Input Text" library="SeleniumLibrary">
<arg>id:username</arg>
<arg>${username}</arg>
<doc>Types the given ``text`` into the text field identified by ``locator``.</doc>
<msg timestamp="20230216 20:45:57.185" level="INFO">Typing text 'rahulshettyacademy' into text field 'id:username'.</msg>
<status status="PASS" starttime="20230216 20:45:57.185" endtime="20230216 20:45:57.264"/>
</kw>
<kw name="Input Password" library="SeleniumLibrary">
<arg>id:password</arg>
<arg>${password}</arg>
<doc>Types the given password into the text field identified by ``locator``.</doc>
<msg timestamp="20230216 20:45:57.265" level="INFO">Typing password into text field 'id:password'.</msg>
<msg timestamp="20230216 20:45:57.295" level="INFO">Temporally setting log level to: NONE</msg>
<msg timestamp="20230216 20:45:57.325" level="INFO">Log level changed from NONE to INFO.</msg>
<status status="PASS" starttime="20230216 20:45:57.264" endtime="20230216 20:45:57.325"/>
</kw>
<kw name="Click Button" library="SeleniumLibrary">
<arg>signInBtn</arg>
<doc>Clicks the button identified by ``locator``.</doc>
<msg timestamp="20230216 20:45:57.325" level="INFO">Clicking button 'signInBtn'.</msg>
<status status="PASS" starttime="20230216 20:45:57.325" endtime="20230216 20:45:57.364"/>
</kw>
<status status="PASS" starttime="20230216 20:45:57.184" endtime="20230216 20:45:57.364"/>
</kw>
<kw name="wait until Element is located in the page">
<arg>${Shop_page_load}</arg>
<kw name="Wait Until Element Is Visible" library="SeleniumLibrary">
<arg>${element}</arg>
<doc>Waits until the element ``locator`` is visible.</doc>
<status status="PASS" starttime="20230216 20:45:57.365" endtime="20230216 20:46:02.628"/>
</kw>
<status status="PASS" starttime="20230216 20:45:57.364" endtime="20230216 20:46:02.628"/>
</kw>
<kw name="Verify Card titles in the Shop page">
<kw name="Create List" library="BuiltIn">
<var>@{expectedList}</var>
<arg>iphone X</arg>
<arg>Samsung Note 8</arg>
<arg>Nokia Edge</arg>
<arg>Blackberry</arg>
<doc>Returns a list containing given items.</doc>
<msg timestamp="20230216 20:46:02.629" level="INFO">@{expectedList} = [ iphone X | Samsung Note 8 | Nokia Edge | Blackberry ]</msg>
<status status="PASS" starttime="20230216 20:46:02.629" endtime="20230216 20:46:02.629"/>
</kw>
<kw name="Get WebElements" library="SeleniumLibrary">
<var>${elements}</var>
<arg>css:.card-title</arg>
<doc>Returns a list of WebElement objects matching the ``locator``.</doc>
<msg timestamp="20230216 20:46:02.638" level="INFO">${elements} = [&lt;selenium.webdriver.remote.webelement.WebElement (session="cc1315aee5522f4ef4dd5a117fa2fe16", element="2b083581-1ce1-4f0c-aab8-04e444842680")&gt;, &lt;selenium.webdriver.remote.webelement.WebElement (sessi...</msg>
<status status="PASS" starttime="20230216 20:46:02.629" endtime="20230216 20:46:02.638"/>
</kw>
<kw name="Create List" library="BuiltIn">
<var>@{actualList}</var>
<doc>Returns a list containing given items.</doc>
<msg timestamp="20230216 20:46:02.639" level="INFO">@{actualList} = [ ]</msg>
<status status="PASS" starttime="20230216 20:46:02.639" endtime="20230216 20:46:02.639"/>
</kw>
<for flavor="IN">
<var>${element}</var>
<value>@{elements}</value>
<iter>
<var name="${element}">&lt;selenium.webdriver.remote.webelement.WebElement (session="cc1315aee5522f4ef4dd5a117fa2fe16", element="2b083581-1ce1-4f0c-aab8-04e444842680")&gt;</var>
<kw name="Log" library="BuiltIn">
<arg>${element.text}</arg>
<doc>Logs the given message with the given level.</doc>
<msg timestamp="20230216 20:46:02.649" level="INFO">iphone X</msg>
<status status="PASS" starttime="20230216 20:46:02.639" endtime="20230216 20:46:02.649"/>
</kw>
<kw name="Append To List" library="Collections">
<arg>${actualList}</arg>
<arg>${element.text}</arg>
<doc>Adds ``values`` to the end of ``list``.</doc>
<status status="PASS" starttime="20230216 20:46:02.649" endtime="20230216 20:46:02.657"/>
</kw>
<status status="PASS" starttime="20230216 20:46:02.639" endtime="20230216 20:46:02.657"/>
</iter>
<iter>
<var name="${element}">&lt;selenium.webdriver.remote.webelement.WebElement (session="cc1315aee5522f4ef4dd5a117fa2fe16", element="6b5e7073-3296-48d5-8183-d9f1a5a48f1a")&gt;</var>
<kw name="Log" library="BuiltIn">
<arg>${element.text}</arg>
<doc>Logs the given message with the given level.</doc>
<msg timestamp="20230216 20:46:02.668" level="INFO">Samsung Note 8</msg>
<status status="PASS" starttime="20230216 20:46:02.657" endtime="20230216 20:46:02.668"/>
</kw>
<kw name="Append To List" library="Collections">
<arg>${actualList}</arg>
<arg>${element.text}</arg>
<doc>Adds ``values`` to the end of ``list``.</doc>
<status status="PASS" starttime="20230216 20:46:02.668" endtime="20230216 20:46:02.674"/>
</kw>
<status status="PASS" starttime="20230216 20:46:02.657" endtime="20230216 20:46:02.674"/>
</iter>
<iter>
<var name="${element}">&lt;selenium.webdriver.remote.webelement.WebElement (session="cc1315aee5522f4ef4dd5a117fa2fe16", element="9a4a0b31-13b6-4661-a846-46f1d8711923")&gt;</var>
<kw name="Log" library="BuiltIn">
<arg>${element.text}</arg>
<doc>Logs the given message with the given level.</doc>
<msg timestamp="20230216 20:46:02.684" level="INFO">Nokia Edge</msg>
<status status="PASS" starttime="20230216 20:46:02.674" endtime="20230216 20:46:02.684"/>
</kw>
<kw name="Append To List" library="Collections">
<arg>${actualList}</arg>
<arg>${element.text}</arg>
<doc>Adds ``values`` to the end of ``list``.</doc>
<status status="PASS" starttime="20230216 20:46:02.684" endtime="20230216 20:46:02.689"/>
</kw>
<status status="PASS" starttime="20230216 20:46:02.674" endtime="20230216 20:46:02.689"/>
</iter>
<iter>
<var name="${element}">&lt;selenium.webdriver.remote.webelement.WebElement (session="cc1315aee5522f4ef4dd5a117fa2fe16", element="95f7c8a7-5493-4472-a6e9-410c80f26743")&gt;</var>
<kw name="Log" library="BuiltIn">
<arg>${element.text}</arg>
<doc>Logs the given message with the given level.</doc>
<msg timestamp="20230216 20:46:02.700" level="INFO">Blackberry</msg>
<status status="PASS" starttime="20230216 20:46:02.690" endtime="20230216 20:46:02.700"/>
</kw>
<kw name="Append To List" library="Collections">
<arg>${actualList}</arg>
<arg>${element.text}</arg>
<doc>Adds ``values`` to the end of ``list``.</doc>
<status status="PASS" starttime="20230216 20:46:02.700" endtime="20230216 20:46:02.705"/>
</kw>
<status status="PASS" starttime="20230216 20:46:02.690" endtime="20230216 20:46:02.706"/>
</iter>
<status status="PASS" starttime="20230216 20:46:02.639" endtime="20230216 20:46:02.706"/>
</for>
<kw name="Lists Should Be Equal" library="Collections">
<arg>${expectedList}</arg>
<arg>${actualList}</arg>
<doc>Fails if given lists are unequal.</doc>
<status status="PASS" starttime="20230216 20:46:02.706" endtime="20230216 20:46:02.706"/>
</kw>
<status status="PASS" starttime="20230216 20:46:02.629" endtime="20230216 20:46:02.706"/>
</kw>
<kw name="Select the Card">
<arg>Nokia Edge</arg>
<kw name="Get WebElements" library="SeleniumLibrary">
<var>${elements}</var>
<arg>css:.card-title</arg>
<doc>Returns a list of WebElement objects matching the ``locator``.</doc>
<msg timestamp="20230216 20:46:02.711" level="INFO">${elements} = [&lt;selenium.webdriver.remote.webelement.WebElement (session="cc1315aee5522f4ef4dd5a117fa2fe16", element="2b083581-1ce1-4f0c-aab8-04e444842680")&gt;, &lt;selenium.webdriver.remote.webelement.WebElement (sessi...</msg>
<status status="PASS" starttime="20230216 20:46:02.707" endtime="20230216 20:46:02.711"/>
</kw>
<kw name="Set Variable" library="BuiltIn">
<var>${index}</var>
<arg>1</arg>
<doc>Returns the given values which can then be assigned to a variables.</doc>
<msg timestamp="20230216 20:46:02.712" level="INFO">${index} = 1</msg>
<status status="PASS" starttime="20230216 20:46:02.711" endtime="20230216 20:46:02.712"/>
</kw>
<for flavor="IN">
<var>${element}</var>
<value>@{elements}</value>
<iter>
<var name="${element}">&lt;selenium.webdriver.remote.webelement.WebElement (session="cc1315aee5522f4ef4dd5a117fa2fe16", element="2b083581-1ce1-4f0c-aab8-04e444842680")&gt;</var>
<kw name="Exit For Loop If" library="BuiltIn">
<arg>'${cardName}' == '${element.text}'</arg>
<doc>Stops executing the enclosing FOR loop if the ``condition`` is true.</doc>
<status status="PASS" starttime="20230216 20:46:02.712" endtime="20230216 20:46:02.717"/>
</kw>
<kw name="Evaluate" library="BuiltIn">
<var>${index}</var>
<arg>${index} + 1</arg>
<doc>Evaluates the given expression in Python and returns the result.</doc>
<msg timestamp="20230216 20:46:02.717" level="INFO">${index} = 2</msg>
<status status="PASS" starttime="20230216 20:46:02.717" endtime="20230216 20:46:02.717"/>
</kw>
<status status="PASS" starttime="20230216 20:46:02.712" endtime="20230216 20:46:02.717"/>
</iter>
<iter>
<var name="${element}">&lt;selenium.webdriver.remote.webelement.WebElement (session="cc1315aee5522f4ef4dd5a117fa2fe16", element="6b5e7073-3296-48d5-8183-d9f1a5a48f1a")&gt;</var>
<kw name="Exit For Loop If" library="BuiltIn">
<arg>'${cardName}' == '${element.text}'</arg>
<doc>Stops executing the enclosing FOR loop if the ``condition`` is true.</doc>
<status status="PASS" starttime="20230216 20:46:02.717" endtime="20230216 20:46:02.723"/>
</kw>
<kw name="Evaluate" library="BuiltIn">
<var>${index}</var>
<arg>${index} + 1</arg>
<doc>Evaluates the given expression in Python and returns the result.</doc>
<msg timestamp="20230216 20:46:02.723" level="INFO">${index} = 3</msg>
<status status="PASS" starttime="20230216 20:46:02.723" endtime="20230216 20:46:02.723"/>
</kw>
<status status="PASS" starttime="20230216 20:46:02.717" endtime="20230216 20:46:02.723"/>
</iter>
<iter>
<var name="${element}">&lt;selenium.webdriver.remote.webelement.WebElement (session="cc1315aee5522f4ef4dd5a117fa2fe16", element="9a4a0b31-13b6-4661-a846-46f1d8711923")&gt;</var>
<kw name="Exit For Loop If" library="BuiltIn">
<arg>'${cardName}' == '${element.text}'</arg>
<doc>Stops executing the enclosing FOR loop if the ``condition`` is true.</doc>
<msg timestamp="20230216 20:46:02.729" level="INFO">Exiting for loop altogether.</msg>
<status status="PASS" starttime="20230216 20:46:02.723" endtime="20230216 20:46:02.729"/>
</kw>
<kw name="Evaluate" library="BuiltIn">
<var>${index}</var>
<arg>${index} + 1</arg>
<doc>Evaluates the given expression in Python and returns the result.</doc>
<status status="NOT RUN" starttime="20230216 20:46:02.729" endtime="20230216 20:46:02.729"/>
</kw>
<status status="PASS" starttime="20230216 20:46:02.723" endtime="20230216 20:46:02.730"/>
</iter>
<status status="PASS" starttime="20230216 20:46:02.712" endtime="20230216 20:46:02.730"/>
</for>
<kw name="Click Button" library="SeleniumLibrary">
<arg>xpath:(//*[@class='card-footer'])[${index}]/button</arg>
<doc>Clicks the button identified by ``locator``.</doc>
<msg timestamp="20230216 20:46:02.730" level="INFO">Clicking button 'xpath:(//*[@class='card-footer'])[3]/button'.</msg>
<status status="PASS" starttime="20230216 20:46:02.730" endtime="20230216 20:46:02.769"/>
</kw>
<status status="PASS" starttime="20230216 20:46:02.706" endtime="20230216 20:46:02.769"/>
</kw>
<kw name="Close Browser session" library="Generic" type="TEARDOWN">
<kw name="Close Browser" library="SeleniumLibrary">
<doc>Closes the current browser.</doc>
<status status="PASS" starttime="20230216 20:46:02.770" endtime="20230216 20:46:05.281"/>
</kw>
<status status="PASS" starttime="20230216 20:46:02.770" endtime="20230216 20:46:05.281"/>
</kw>
<status status="PASS" starttime="20230216 20:45:52.651" endtime="20230216 20:46:05.282"/>
</test>
<test id="s1-t3" name="Select the Form and navigate to Child window" line="29">
<kw name="open the browser with the Mortgage payment url" library="Generic" type="SETUP">
<kw name="Create Webdriver" library="SeleniumLibrary">
<arg>Chrome</arg>
<arg>executable_path=/Users/rahulshetty/Documents/chromedriver</arg>
<doc>Creates an instance of Selenium WebDriver.</doc>
<msg timestamp="20230216 20:46:05.289" level="INFO">Creating an instance of the Chrome WebDriver.</msg>
<status status="PASS" starttime="20230216 20:46:05.288" endtime="20230216 20:46:08.126"/>
</kw>
<kw name="Go To" library="SeleniumLibrary">
<arg>${url}</arg>
<doc>Navigates the current browser window to the provided ``url``.</doc>
<msg timestamp="20230216 20:46:08.126" level="INFO">Opening url 'https://rahulshettyacademy.com/loginpagePractise/'</msg>
<status status="PASS" starttime="20230216 20:46:08.126" endtime="20230216 20:46:09.715"/>
</kw>
<status status="PASS" starttime="20230216 20:46:05.288" endtime="20230216 20:46:09.715"/>
</kw>
<kw name="Fill the Login Details and Login Form">
<kw name="Input Text" library="SeleniumLibrary">
<arg>id:username</arg>
<arg>rahulshettyacademy</arg>
<doc>Types the given ``text`` into the text field identified by ``locator``.</doc>
<msg timestamp="20230216 20:46:09.716" level="INFO">Typing text 'rahulshettyacademy' into text field 'id:username'.</msg>
<status status="PASS" starttime="20230216 20:46:09.716" endtime="20230216 20:46:09.796"/>
</kw>
<kw name="Input Password" library="SeleniumLibrary">
<arg>id:password</arg>
<arg>learning</arg>
<doc>Types the given password into the text field identified by ``locator``.</doc>
<msg timestamp="20230216 20:46:09.797" level="INFO">Typing password into text field 'id:password'.</msg>
<msg timestamp="20230216 20:46:09.828" level="INFO">Temporally setting log level to: NONE</msg>
<msg timestamp="20230216 20:46:09.857" level="INFO">Log level changed from NONE to INFO.</msg>
<status status="PASS" starttime="20230216 20:46:09.796" endtime="20230216 20:46:09.857"/>
</kw>
<kw name="Click Element" library="SeleniumLibrary">
<arg>css:input[value='user']</arg>
<doc>Click the element identified by ``locator``.</doc>
<msg timestamp="20230216 20:46:09.858" level="INFO">Clicking element 'css:input[value='user']'.</msg>
<status status="PASS" starttime="20230216 20:46:09.857" endtime="20230216 20:46:09.893"/>
</kw>
<kw name="Wait Until Element Is Visible" library="SeleniumLibrary">
<arg>css:.modal-body</arg>
<doc>Waits until the element ``locator`` is visible.</doc>
<status status="PASS" starttime="20230216 20:46:09.893" endtime="20230216 20:46:10.139"/>
</kw>
<kw name="Click Button" library="SeleniumLibrary">
<arg>id:okayBtn</arg>
<doc>Clicks the button identified by ``locator``.</doc>
<msg timestamp="20230216 20:46:10.139" level="INFO">Clicking button 'id:okayBtn'.</msg>
<status status="PASS" starttime="20230216 20:46:10.139" endtime="20230216 20:46:10.180"/>
</kw>
<kw name="Click Button" library="SeleniumLibrary">
<arg>id:okayBtn</arg>
<doc>Clicks the button identified by ``locator``.</doc>
<msg timestamp="20230216 20:46:10.180" level="INFO">Clicking button 'id:okayBtn'.</msg>
<status status="PASS" starttime="20230216 20:46:10.180" endtime="20230216 20:46:10.206"/>
</kw>
<kw name="Wait Until Element Is Not Visible" library="SeleniumLibrary">
<arg>css:.modal-body</arg>
<doc>Waits until the element ``locator`` is not visible.</doc>
<msg timestamp="20230216 20:46:15.630" level="INFO" html="true">&lt;/td&gt;&lt;/tr&gt;&lt;tr&gt;&lt;td colspan="3"&gt;&lt;a href="selenium-screenshot-5.png"&gt;&lt;img src="selenium-screenshot-5.png" width="800px"&gt;&lt;/a&gt;</msg>
<msg timestamp="20230216 20:46:15.630" level="FAIL">Element 'css:.modal-body' still visible after 5 seconds.</msg>
<status status="FAIL" starttime="20230216 20:46:10.206" endtime="20230216 20:46:15.632"/>
</kw>
<kw name="Select From List By Value" library="SeleniumLibrary">
<arg>css:select.form-control</arg>
<arg>teach</arg>
<doc>Selects options from selection list ``locator`` by ``values``.</doc>
<status status="NOT RUN" starttime="20230216 20:46:15.632" endtime="20230216 20:46:15.632"/>
</kw>
<kw name="Select Checkbox" library="SeleniumLibrary">
<arg>terms</arg>
<doc>Selects the checkbox identified by ``locator``.</doc>
<status status="NOT RUN" starttime="20230216 20:46:15.632" endtime="20230216 20:46:15.632"/>
</kw>
<kw name="Checkbox Should Be Selected" library="SeleniumLibrary">
<arg>terms</arg>
<doc>Verifies checkbox ``locator`` is selected/checked.</doc>
<status status="NOT RUN" starttime="20230216 20:46:15.633" endtime="20230216 20:46:15.633"/>
</kw>
<status status="FAIL" starttime="20230216 20:46:09.715" endtime="20230216 20:46:15.633"/>
</kw>
<kw name="Close Browser session" library="Generic" type="TEARDOWN">
<kw name="Close Browser" library="SeleniumLibrary">
<doc>Closes the current browser.</doc>
<status status="PASS" starttime="20230216 20:46:15.633" endtime="20230216 20:46:18.136"/>
</kw>
<status status="PASS" starttime="20230216 20:46:15.633" endtime="20230216 20:46:18.136"/>
</kw>
<status status="FAIL" starttime="20230216 20:46:05.286" endtime="20230216 20:46:18.138">Element 'css:.modal-body' still visible after 5 seconds.</status>
</test>
<doc>To validate the Login form</doc>
<status status="FAIL" starttime="20230216 20:45:43.242" endtime="20230216 20:46:18.143"/>
</suite>
<statistics>
<total>
<stat pass="2" fail="1" skip="0">All Tests</stat>
</total>
<tag>
<stat pass="1" fail="0" skip="0">SMOKE</stat>
</tag>
<suite>
<stat pass="2" fail="1" skip="0" id="s1" name="testDemo2">testDemo2</stat>
</suite>
</statistics>
<errors>
</errors>
</robot>
