<?xml version="1.0" encoding="UTF-8"?>
<robot generator="Robot 6.0.2 (Python 3.11.2 on win32)" generated="20230220 11:46:16.002" rpa="false" schemaversion="3">
<suite id="s1" name="testDemo6" source="C:\Users\laura.cabezas\Documents\TAE Training\Robot_Framework\RobotFramework_practise\tests\testDemo6.robot">
<test id="s1-t1" name="Validate UnSuccesful Login" line="23">
<kw name="open the browser with the url" library="Generic" type="SETUP">
<kw name="Create Webdriver" library="SeleniumLibrary">
<arg>${browser_name}</arg>
<arg>executable_path=resources/${browser_name}</arg>
<doc>Creates an instance of Selenium WebDriver.</doc>
<msg timestamp="20230220 11:46:16.315" level="INFO">Creating an instance of the Chrome WebDriver.</msg>
<status status="PASS" starttime="20230220 11:46:16.315" endtime="20230220 11:46:20.158"/>
</kw>
<kw name="Go To" library="SeleniumLibrary">
<arg>${url}</arg>
<doc>Navigates the current browser window to the provided ``url``.</doc>
<msg timestamp="20230220 11:46:20.160" level="INFO">Opening url 'https://rahulshettyacademy.com/loginpagePractise/'</msg>
<status status="PASS" starttime="20230220 11:46:20.159" endtime="20230220 11:46:21.793"/>
</kw>
<status status="PASS" starttime="20230220 11:46:16.314" endtime="20230220 11:46:21.793"/>
</kw>
<kw name="Fill the login Form" library="LandingPage">
<arg>${user_name}</arg>
<arg>${invalid_password}</arg>
<kw name="Input Text" library="SeleniumLibrary">
<arg>id:username</arg>
<arg>${username}</arg>
<doc>Types the given ``text`` into the text field identified by ``locator``.</doc>
<msg timestamp="20230220 11:46:21.797" level="INFO">Typing text 'rahulshettyacademy' into text field 'id:username'.</msg>
<status status="PASS" starttime="20230220 11:46:21.795" endtime="20230220 11:46:21.926"/>
</kw>
<kw name="Input Password" library="SeleniumLibrary">
<arg>id:password</arg>
<arg>${password}</arg>
<doc>Types the given password into the text field identified by ``locator``.</doc>
<msg timestamp="20230220 11:46:21.927" level="INFO">Typing password into text field 'id:password'.</msg>
<msg timestamp="20230220 11:46:21.980" level="INFO">Temporally setting log level to: NONE</msg>
<msg timestamp="20230220 11:46:22.015" level="INFO">Log level changed from NONE to INFO.</msg>
<status status="PASS" starttime="20230220 11:46:21.926" endtime="20230220 11:46:22.015"/>
</kw>
<kw name="Click Button" library="SeleniumLibrary">
<arg>signInBtn</arg>
<doc>Clicks the button identified by ``locator``.</doc>
<msg timestamp="20230220 11:46:22.016" level="INFO">Clicking button 'signInBtn'.</msg>
<status status="PASS" starttime="20230220 11:46:22.015" endtime="20230220 11:46:22.063"/>
</kw>
<status status="PASS" starttime="20230220 11:46:21.794" endtime="20230220 11:46:22.063"/>
</kw>
<kw name="wait until Element is located in the page" library="LandingPage">
<kw name="Wait Until element passed is located on Page" library="Generic">
<arg>${Error_Message_Login}</arg>
<kw name="Wait Until Element Is Visible" library="SeleniumLibrary">
<arg>${page_locator}</arg>
<arg>timeout=10</arg>
<doc>Waits until the element ``locator`` is visible.</doc>
<status status="PASS" starttime="20230220 11:46:22.064" endtime="20230220 11:46:24.105"/>
</kw>
<status status="PASS" starttime="20230220 11:46:22.064" endtime="20230220 11:46:24.105"/>
</kw>
<status status="PASS" starttime="20230220 11:46:22.063" endtime="20230220 11:46:24.105"/>
</kw>
<kw name="verify error message is correct" library="LandingPage">
<kw name="Get Text" library="SeleniumLibrary">
<var>${result}</var>
<arg>${Error_Message_Login}</arg>
<doc>Returns the text value of the element identified by ``locator``.</doc>
<msg timestamp="20230220 11:46:24.124" level="INFO">${result} = Incorrect username/password.</msg>
<status status="PASS" starttime="20230220 11:46:24.106" endtime="20230220 11:46:24.124"/>
</kw>
<kw name="Should Be Equal As Strings" library="BuiltIn">
<arg>${result}</arg>
<arg>Incorrect username/password.</arg>
<doc>Fails if objects are unequal after converting them to strings.</doc>
<status status="PASS" starttime="20230220 11:46:24.124" endtime="20230220 11:46:24.124"/>
</kw>
<kw name="Element Text Should Be" library="SeleniumLibrary">
<arg>${Error_Message_Login}</arg>
<arg>Incorrect username/password.</arg>
<doc>Verifies that element ``locator`` contains exact the text ``expected``.</doc>
<msg timestamp="20230220 11:46:24.125" level="INFO">Verifying element 'css:.alert-danger' contains exact text 'Incorrect username/password.'.</msg>
<status status="PASS" starttime="20230220 11:46:24.125" endtime="20230220 11:46:24.136"/>
</kw>
<status status="PASS" starttime="20230220 11:46:24.106" endtime="20230220 11:46:24.136"/>
</kw>
<kw name="Close Browser session" library="Generic" type="TEARDOWN">
<kw name="Close Browser" library="SeleniumLibrary">
<doc>Closes the current browser.</doc>
<status status="PASS" starttime="20230220 11:46:24.137" endtime="20230220 11:46:26.637"/>
</kw>
<status status="PASS" starttime="20230220 11:46:24.137" endtime="20230220 11:46:26.637"/>
</kw>
<tag>REGRESSION</tag>
<tag>SMOKE</tag>
<status status="PASS" starttime="20230220 11:46:16.314" endtime="20230220 11:46:26.637"/>
</test>
<doc>To validate the Login form</doc>
<status status="PASS" starttime="20230220 11:46:16.015" endtime="20230220 11:46:26.638"/>
</suite>
<statistics>
<total>
<stat pass="1" fail="0" skip="0">All Tests</stat>
</total>
<tag>
<stat pass="1" fail="0" skip="0">REGRESSION</stat>
<stat pass="1" fail="0" skip="0">SMOKE</stat>
</tag>
<suite>
<stat pass="1" fail="0" skip="0" id="s1" name="testDemo6">testDemo6</stat>
</suite>
</statistics>
<errors>
</errors>
</robot>
