<?xml version="1.0" encoding="UTF-8"?>
<robot generator="Robot 6.0.2 (Python 3.11.2 on win32)" generated="20230220 11:46:16.013" rpa="false" schemaversion="3">
<suite id="s1" name="testDemo6" source="C:\Users\laura.cabezas\Documents\TAE Training\Robot_Framework\RobotFramework_practise\tests\testDemo6.robot">
<test id="s1-t1" name="Select the Form and navigate to Child window" line="43">
<kw name="open the browser with the url" library="Generic" type="SETUP">
<kw name="Create Webdriver" library="SeleniumLibrary">
<arg>${browser_name}</arg>
<arg>executable_path=resources/${browser_name}</arg>
<doc>Creates an instance of Selenium WebDriver.</doc>
<msg timestamp="20230220 11:46:16.323" level="INFO">Creating an instance of the Chrome WebDriver.</msg>
<status status="PASS" starttime="20230220 11:46:16.322" endtime="20230220 11:46:20.034"/>
</kw>
<kw name="Go To" library="SeleniumLibrary">
<arg>${url}</arg>
<doc>Navigates the current browser window to the provided ``url``.</doc>
<msg timestamp="20230220 11:46:20.036" level="INFO">Opening url 'https://rahulshettyacademy.com/loginpagePractise/'</msg>
<status status="PASS" starttime="20230220 11:46:20.035" endtime="20230220 11:46:21.627"/>
</kw>
<status status="PASS" starttime="20230220 11:46:16.322" endtime="20230220 11:46:21.628"/>
</kw>
<kw name="Fill the Login Details and Login Form" library="LandingPage">
<kw name="Input Text" library="SeleniumLibrary">
<arg>id:username</arg>
<arg>rahulshettyacademy</arg>
<doc>Types the given ``text`` into the text field identified by ``locator``.</doc>
<msg timestamp="20230220 11:46:21.630" level="INFO">Typing text 'rahulshettyacademy' into text field 'id:username'.</msg>
<status status="PASS" starttime="20230220 11:46:21.629" endtime="20230220 11:46:21.763"/>
</kw>
<kw name="Input Password" library="SeleniumLibrary">
<arg>id:password</arg>
<arg>learning</arg>
<doc>Types the given password into the text field identified by ``locator``.</doc>
<msg timestamp="20230220 11:46:21.764" level="INFO">Typing password into text field 'id:password'.</msg>
<msg timestamp="20230220 11:46:21.814" level="INFO">Temporally setting log level to: NONE</msg>
<msg timestamp="20230220 11:46:21.877" level="INFO">Log level changed from NONE to INFO.</msg>
<status status="PASS" starttime="20230220 11:46:21.763" endtime="20230220 11:46:21.877"/>
</kw>
<kw name="Click Element" library="SeleniumLibrary">
<arg>css:input[value='user']</arg>
<doc>Click the element identified by ``locator``.</doc>
<msg timestamp="20230220 11:46:21.878" level="INFO">Clicking element 'css:input[value='user']'.</msg>
<status status="PASS" starttime="20230220 11:46:21.878" endtime="20230220 11:46:21.949"/>
</kw>
<kw name="Wait Until Element Is Visible" library="SeleniumLibrary">
<arg>css:.modal-body</arg>
<doc>Waits until the element ``locator`` is visible.</doc>
<status status="PASS" starttime="20230220 11:46:21.949" endtime="20230220 11:46:22.210"/>
</kw>
<kw name="Click Button" library="SeleniumLibrary">
<arg>id:okayBtn</arg>
<doc>Clicks the button identified by ``locator``.</doc>
<msg timestamp="20230220 11:46:22.212" level="INFO">Clicking button 'id:okayBtn'.</msg>
<status status="PASS" starttime="20230220 11:46:22.210" endtime="20230220 11:46:22.266"/>
</kw>
<kw name="Click Button" library="SeleniumLibrary">
<arg>id:okayBtn</arg>
<doc>Clicks the button identified by ``locator``.</doc>
<msg timestamp="20230220 11:46:22.266" level="INFO">Clicking button 'id:okayBtn'.</msg>
<status status="PASS" starttime="20230220 11:46:22.266" endtime="20230220 11:46:22.300"/>
</kw>
<kw name="Wait Until Element Is Not Visible" library="SeleniumLibrary">
<arg>css:.modal-body</arg>
<doc>Waits until the element ``locator`` is not visible.</doc>
<status status="PASS" starttime="20230220 11:46:22.300" endtime="20230220 11:46:22.552"/>
</kw>
<kw name="Select From List By Value" library="SeleniumLibrary">
<arg>css:select.form-control</arg>
<arg>teach</arg>
<doc>Selects options from selection list ``locator`` by ``values``.</doc>
<msg timestamp="20230220 11:46:22.554" level="INFO">Selecting options from selection list 'css:select.form-control' by value teach.</msg>
<status status="PASS" starttime="20230220 11:46:22.552" endtime="20230220 11:46:22.624"/>
</kw>
<kw name="Select Checkbox" library="SeleniumLibrary">
<arg>terms</arg>
<doc>Selects the checkbox identified by ``locator``.</doc>
<msg timestamp="20230220 11:46:22.624" level="INFO">Selecting checkbox 'terms'.</msg>
<status status="PASS" starttime="20230220 11:46:22.624" endtime="20230220 11:46:22.671"/>
</kw>
<kw name="Checkbox Should Be Selected" library="SeleniumLibrary">
<arg>terms</arg>
<doc>Verifies checkbox ``locator`` is selected/checked.</doc>
<msg timestamp="20230220 11:46:22.672" level="INFO">Verifying checkbox 'terms' is selected.</msg>
<status status="PASS" starttime="20230220 11:46:22.672" endtime="20230220 11:46:22.683"/>
</kw>
<status status="PASS" starttime="20230220 11:46:21.628" endtime="20230220 11:46:22.684"/>
</kw>
<kw name="Close Browser session" library="Generic" type="TEARDOWN">
<kw name="Close Browser" library="SeleniumLibrary">
<doc>Closes the current browser.</doc>
<status status="PASS" starttime="20230220 11:46:22.685" endtime="20230220 11:46:25.146"/>
</kw>
<status status="PASS" starttime="20230220 11:46:22.684" endtime="20230220 11:46:25.147"/>
</kw>
<status status="PASS" starttime="20230220 11:46:16.321" endtime="20230220 11:46:25.148"/>
</test>
<doc>To validate the Login form</doc>
<status status="PASS" starttime="20230220 11:46:16.027" endtime="20230220 11:46:25.151"/>
</suite>
<statistics>
<total>
<stat pass="1" fail="0" skip="0">All Tests</stat>
</total>
<tag>
</tag>
<suite>
<stat pass="1" fail="0" skip="0" id="s1" name="testDemo6">testDemo6</stat>
</suite>
</statistics>
<errors>
</errors>
</robot>
